{"/Users/selvaprasath.selvamani/Documents/projects/screen-scrapping-ts/.puppeteerrc.cjs": {"path":"/Users/selvaprasath.selvamani/Documents/projects/screen-scrapping-ts/.puppeteerrc.cjs","statementMap":{"0":{"start":{"line":1,"column":17},"end":{"line":1,"column":32}},"1":{"start":{"line":6,"column":0},"end":{"line":9,"column":2}}},"fnMap":{},"branchMap":{},"s":{"0":1,"1":1},"f":{},"b":{},"inputSourceMap":null,"_coverageSchema":"1a1c01bbd47fc00a2c39e90264f33305004495a9","hash":"fc0b01ea9386337e96be750a34506c7279415922"}
,"/Users/selvaprasath.selvamani/Documents/projects/screen-scrapping-ts/index.js": {"path":"/Users/selvaprasath.selvamani/Documents/projects/screen-scrapping-ts/index.js","statementMap":{"0":{"start":{"line":2,"column":22},"end":{"line":12,"column":3}},"1":{"start":{"line":3,"column":4},"end":{"line":3,"column":33}},"2":{"start":{"line":3,"column":26},"end":{"line":3,"column":33}},"3":{"start":{"line":4,"column":15},"end":{"line":4,"column":52}},"4":{"start":{"line":5,"column":4},"end":{"line":7,"column":5}},"5":{"start":{"line":6,"column":6},"end":{"line":6,"column":68}},"6":{"start":{"line":6,"column":51},"end":{"line":6,"column":63}},"7":{"start":{"line":8,"column":4},"end":{"line":8,"column":39}},"8":{"start":{"line":10,"column":4},"end":{"line":10,"column":33}},"9":{"start":{"line":10,"column":26},"end":{"line":10,"column":33}},"10":{"start":{"line":11,"column":4},"end":{"line":11,"column":17}},"11":{"start":{"line":13,"column":25},"end":{"line":17,"column":2}},"12":{"start":{"line":14,"column":4},"end":{"line":14,"column":72}},"13":{"start":{"line":16,"column":4},"end":{"line":16,"column":21}},"14":{"start":{"line":18,"column":19},"end":{"line":24,"column":1}},"15":{"start":{"line":19,"column":4},"end":{"line":19,"column":42}},"16":{"start":{"line":19,"column":31},"end":{"line":19,"column":42}},"17":{"start":{"line":20,"column":17},"end":{"line":20,"column":19}},"18":{"start":{"line":21,"column":4},"end":{"line":21,"column":141}},"19":{"start":{"line":21,"column":21},"end":{"line":21,"column":141}},"20":{"start":{"line":21,"column":40},"end":{"line":21,"column":141}},"21":{"start":{"line":21,"column":109},"end":{"line":21,"column":141}},"22":{"start":{"line":22,"column":4},"end":{"line":22,"column":36}},"23":{"start":{"line":23,"column":4},"end":{"line":23,"column":18}},"24":{"start":{"line":25,"column":22},"end":{"line":27,"column":1}},"25":{"start":{"line":26,"column":4},"end":{"line":26,"column":62}},"26":{"start":{"line":28,"column":0},"end":{"line":28,"column":62}},"27":{"start":{"line":29,"column":18},"end":{"line":29,"column":53}},"28":{"start":{"line":30,"column":15},"end":{"line":30,"column":46}},"29":{"start":{"line":31,"column":19},"end":{"line":31,"column":64}},"30":{"start":{"line":32,"column":0},"end":{"line":32,"column":16}},"31":{"start":{"line":33,"column":12},"end":{"line":33,"column":36}},"32":{"start":{"line":34,"column":0},"end":{"line":34,"column":51}},"33":{"start":{"line":35,"column":0},"end":{"line":35,"column":33}},"34":{"start":{"line":36,"column":0},"end":{"line":38,"column":3}},"35":{"start":{"line":37,"column":4},"end":{"line":37,"column":64}},"36":{"start":{"line":39,"column":0},"end":{"line":39,"column":22}}},"fnMap":{"0":{"name":"(anonymous_0)","decl":{"start":{"line":2,"column":74},"end":{"line":2,"column":75}},"loc":{"start":{"line":2,"column":96},"end":{"line":9,"column":1}},"line":2},"1":{"name":"(anonymous_1)","decl":{"start":{"line":6,"column":38},"end":{"line":6,"column":39}},"loc":{"start":{"line":6,"column":49},"end":{"line":6,"column":65}},"line":6},"2":{"name":"(anonymous_2)","decl":{"start":{"line":9,"column":6},"end":{"line":9,"column":7}},"loc":{"start":{"line":9,"column":28},"end":{"line":12,"column":1}},"line":9},"3":{"name":"(anonymous_3)","decl":{"start":{"line":13,"column":80},"end":{"line":13,"column":81}},"loc":{"start":{"line":13,"column":95},"end":{"line":15,"column":1}},"line":13},"4":{"name":"(anonymous_4)","decl":{"start":{"line":15,"column":5},"end":{"line":15,"column":6}},"loc":{"start":{"line":15,"column":20},"end":{"line":17,"column":1}},"line":15},"5":{"name":"(anonymous_5)","decl":{"start":{"line":18,"column":50},"end":{"line":18,"column":51}},"loc":{"start":{"line":18,"column":65},"end":{"line":24,"column":1}},"line":18},"6":{"name":"(anonymous_6)","decl":{"start":{"line":25,"column":56},"end":{"line":25,"column":57}},"loc":{"start":{"line":25,"column":71},"end":{"line":27,"column":1}},"line":25},"7":{"name":"(anonymous_7)","decl":{"start":{"line":36,"column":29},"end":{"line":36,"column":30}},"loc":{"start":{"line":36,"column":35},"end":{"line":38,"column":1}},"line":36}},"branchMap":{"0":{"loc":{"start":{"line":2,"column":22},"end":{"line":12,"column":3}},"type":"binary-expr","locations":[{"start":{"line":2,"column":23},"end":{"line":2,"column":27}},{"start":{"line":2,"column":31},"end":{"line":2,"column":51}},{"start":{"line":2,"column":57},"end":{"line":12,"column":2}}],"line":2},"1":{"loc":{"start":{"line":2,"column":57},"end":{"line":12,"column":2}},"type":"cond-expr","locations":[{"start":{"line":2,"column":74},"end":{"line":9,"column":1}},{"start":{"line":9,"column":6},"end":{"line":12,"column":1}}],"line":2},"2":{"loc":{"start":{"line":3,"column":4},"end":{"line":3,"column":33}},"type":"if","locations":[{"start":{"line":3,"column":4},"end":{"line":3,"column":33}},{"start":{},"end":{}}],"line":3},"3":{"loc":{"start":{"line":5,"column":4},"end":{"line":7,"column":5}},"type":"if","locations":[{"start":{"line":5,"column":4},"end":{"line":7,"column":5}},{"start":{},"end":{}}],"line":5},"4":{"loc":{"start":{"line":5,"column":8},"end":{"line":5,"column":85}},"type":"binary-expr","locations":[{"start":{"line":5,"column":8},"end":{"line":5,"column":13}},{"start":{"line":5,"column":18},"end":{"line":5,"column":84}}],"line":5},"5":{"loc":{"start":{"line":5,"column":18},"end":{"line":5,"column":84}},"type":"cond-expr","locations":[{"start":{"line":5,"column":34},"end":{"line":5,"column":47}},{"start":{"line":5,"column":50},"end":{"line":5,"column":84}}],"line":5},"6":{"loc":{"start":{"line":5,"column":50},"end":{"line":5,"column":84}},"type":"binary-expr","locations":[{"start":{"line":5,"column":50},"end":{"line":5,"column":63}},{"start":{"line":5,"column":67},"end":{"line":5,"column":84}}],"line":5},"7":{"loc":{"start":{"line":10,"column":4},"end":{"line":10,"column":33}},"type":"if","locations":[{"start":{"line":10,"column":4},"end":{"line":10,"column":33}},{"start":{},"end":{}}],"line":10},"8":{"loc":{"start":{"line":13,"column":25},"end":{"line":17,"column":2}},"type":"binary-expr","locations":[{"start":{"line":13,"column":26},"end":{"line":13,"column":30}},{"start":{"line":13,"column":34},"end":{"line":13,"column":57}},{"start":{"line":13,"column":63},"end":{"line":17,"column":1}}],"line":13},"9":{"loc":{"start":{"line":13,"column":63},"end":{"line":17,"column":1}},"type":"cond-expr","locations":[{"start":{"line":13,"column":80},"end":{"line":15,"column":1}},{"start":{"line":15,"column":5},"end":{"line":17,"column":1}}],"line":13},"10":{"loc":{"start":{"line":18,"column":19},"end":{"line":24,"column":1}},"type":"binary-expr","locations":[{"start":{"line":18,"column":20},"end":{"line":18,"column":24}},{"start":{"line":18,"column":28},"end":{"line":18,"column":45}},{"start":{"line":18,"column":50},"end":{"line":24,"column":1}}],"line":18},"11":{"loc":{"start":{"line":19,"column":4},"end":{"line":19,"column":42}},"type":"if","locations":[{"start":{"line":19,"column":4},"end":{"line":19,"column":42}},{"start":{},"end":{}}],"line":19},"12":{"loc":{"start":{"line":19,"column":8},"end":{"line":19,"column":29}},"type":"binary-expr","locations":[{"start":{"line":19,"column":8},"end":{"line":19,"column":11}},{"start":{"line":19,"column":15},"end":{"line":19,"column":29}}],"line":19},"13":{"loc":{"start":{"line":21,"column":4},"end":{"line":21,"column":141}},"type":"if","locations":[{"start":{"line":21,"column":4},"end":{"line":21,"column":141}},{"start":{},"end":{}}],"line":21},"14":{"loc":{"start":{"line":21,"column":40},"end":{"line":21,"column":141}},"type":"if","locations":[{"start":{"line":21,"column":40},"end":{"line":21,"column":141}},{"start":{},"end":{}}],"line":21},"15":{"loc":{"start":{"line":21,"column":44},"end":{"line":21,"column":107}},"type":"binary-expr","locations":[{"start":{"line":21,"column":44},"end":{"line":21,"column":59}},{"start":{"line":21,"column":63},"end":{"line":21,"column":107}}],"line":21},"16":{"loc":{"start":{"line":25,"column":22},"end":{"line":27,"column":1}},"type":"binary-expr","locations":[{"start":{"line":25,"column":23},"end":{"line":25,"column":27}},{"start":{"line":25,"column":31},"end":{"line":25,"column":51}},{"start":{"line":25,"column":56},"end":{"line":27,"column":1}}],"line":25},"17":{"loc":{"start":{"line":26,"column":11},"end":{"line":26,"column":61}},"type":"cond-expr","locations":[{"start":{"line":26,"column":37},"end":{"line":26,"column":40}},{"start":{"line":26,"column":43},"end":{"line":26,"column":61}}],"line":26},"18":{"loc":{"start":{"line":26,"column":12},"end":{"line":26,"column":33}},"type":"binary-expr","locations":[{"start":{"line":26,"column":12},"end":{"line":26,"column":15}},{"start":{"line":26,"column":19},"end":{"line":26,"column":33}}],"line":26}},"s":{"0":1,"1":2,"2":2,"3":2,"4":2,"5":2,"6":1,"7":2,"8":0,"9":0,"10":0,"11":1,"12":1,"13":0,"14":1,"15":1,"16":0,"17":1,"18":1,"19":1,"20":2,"21":2,"22":1,"23":1,"24":1,"25":2,"26":1,"27":1,"28":1,"29":1,"30":1,"31":1,"32":1,"33":1,"34":1,"35":1,"36":1},"f":{"0":2,"1":1,"2":0,"3":1,"4":0,"5":1,"6":2,"7":1},"b":{"0":[1,1,1],"1":[1,0],"2":[2,0],"3":[2,0],"4":[2,2],"5":[0,2],"6":[2,0],"7":[0,0],"8":[1,1,1],"9":[1,0],"10":[1,1,1],"11":[0,1],"12":[1,1],"13":[1,0],"14":[2,0],"15":[2,2],"16":[1,1,1],"17":[1,1],"18":[2,2]},"inputSourceMap":null,"_coverageSchema":"1a1c01bbd47fc00a2c39e90264f33305004495a9","hash":"5a5da1220278c6eaea03256d4d3802d40efaa2d4"}
,"/Users/selvaprasath.selvamani/Documents/projects/screen-scrapping-ts/handlers/config.js": {"path":"/Users/selvaprasath.selvamani/Documents/projects/screen-scrapping-ts/handlers/config.js","statementMap":{"0":{"start":{"line":2,"column":0},"end":{"line":2,"column":62}},"1":{"start":{"line":3,"column":0},"end":{"line":3,"column":23}},"2":{"start":{"line":4,"column":0},"end":{"line":10,"column":2}}},"fnMap":{},"branchMap":{},"s":{"0":1,"1":1,"2":1},"f":{},"b":{},"inputSourceMap":null,"_coverageSchema":"1a1c01bbd47fc00a2c39e90264f33305004495a9","hash":"0a6461439c6e86b81e291a16957a8837d797c200"}
,"/Users/selvaprasath.selvamani/Documents/projects/screen-scrapping-ts/handlers/index.js": {"path":"/Users/selvaprasath.selvamani/Documents/projects/screen-scrapping-ts/handlers/index.js","statementMap":{"0":{"start":{"line":2,"column":0},"end":{"line":2,"column":62}},"1":{"start":{"line":3,"column":27},"end":{"line":3,"column":56}},"2":{"start":{"line":4,"column":26},"end":{"line":4,"column":136}},"3":{"start":{"line":5,"column":0},"end":{"line":5,"column":36}}},"fnMap":{},"branchMap":{},"s":{"0":1,"1":1,"2":1,"3":1},"f":{},"b":{},"inputSourceMap":null,"_coverageSchema":"1a1c01bbd47fc00a2c39e90264f33305004495a9","hash":"af5a2a12a1a72929a079f20e31b530a106736937"}
,"/Users/selvaprasath.selvamani/Documents/projects/screen-scrapping-ts/handlers/scraping.handler.js": {"path":"/Users/selvaprasath.selvamani/Documents/projects/screen-scrapping-ts/handlers/scraping.handler.js","statementMap":{"0":{"start":{"line":2,"column":22},"end":{"line":12,"column":3}},"1":{"start":{"line":3,"column":4},"end":{"line":3,"column":33}},"2":{"start":{"line":3,"column":26},"end":{"line":3,"column":33}},"3":{"start":{"line":4,"column":15},"end":{"line":4,"column":52}},"4":{"start":{"line":5,"column":4},"end":{"line":7,"column":5}},"5":{"start":{"line":6,"column":6},"end":{"line":6,"column":68}},"6":{"start":{"line":6,"column":51},"end":{"line":6,"column":63}},"7":{"start":{"line":8,"column":4},"end":{"line":8,"column":39}},"8":{"start":{"line":10,"column":4},"end":{"line":10,"column":33}},"9":{"start":{"line":10,"column":26},"end":{"line":10,"column":33}},"10":{"start":{"line":11,"column":4},"end":{"line":11,"column":17}},"11":{"start":{"line":13,"column":25},"end":{"line":17,"column":2}},"12":{"start":{"line":14,"column":4},"end":{"line":14,"column":72}},"13":{"start":{"line":16,"column":4},"end":{"line":16,"column":21}},"14":{"start":{"line":18,"column":19},"end":{"line":24,"column":1}},"15":{"start":{"line":19,"column":4},"end":{"line":19,"column":42}},"16":{"start":{"line":19,"column":31},"end":{"line":19,"column":42}},"17":{"start":{"line":20,"column":17},"end":{"line":20,"column":19}},"18":{"start":{"line":21,"column":4},"end":{"line":21,"column":141}},"19":{"start":{"line":21,"column":21},"end":{"line":21,"column":141}},"20":{"start":{"line":21,"column":40},"end":{"line":21,"column":141}},"21":{"start":{"line":21,"column":109},"end":{"line":21,"column":141}},"22":{"start":{"line":22,"column":4},"end":{"line":22,"column":36}},"23":{"start":{"line":23,"column":4},"end":{"line":23,"column":18}},"24":{"start":{"line":25,"column":16},"end":{"line":33,"column":1}},"25":{"start":{"line":26,"column":28},"end":{"line":26,"column":110}},"26":{"start":{"line":26,"column":91},"end":{"line":26,"column":106}},"27":{"start":{"line":27,"column":4},"end":{"line":32,"column":7}},"28":{"start":{"line":28,"column":36},"end":{"line":28,"column":97}},"29":{"start":{"line":28,"column":42},"end":{"line":28,"column":70}},"30":{"start":{"line":28,"column":85},"end":{"line":28,"column":95}},"31":{"start":{"line":29,"column":35},"end":{"line":29,"column":100}},"32":{"start":{"line":29,"column":41},"end":{"line":29,"column":73}},"33":{"start":{"line":29,"column":88},"end":{"line":29,"column":98}},"34":{"start":{"line":30,"column":32},"end":{"line":30,"column":116}},"35":{"start":{"line":31,"column":8},"end":{"line":31,"column":78}},"36":{"start":{"line":34,"column":22},"end":{"line":36,"column":1}},"37":{"start":{"line":35,"column":4},"end":{"line":35,"column":62}},"38":{"start":{"line":37,"column":0},"end":{"line":37,"column":62}},"39":{"start":{"line":38,"column":0},"end":{"line":38,"column":60}},"40":{"start":{"line":39,"column":13},"end":{"line":39,"column":43}},"41":{"start":{"line":40,"column":20},"end":{"line":40,"column":57}},"42":{"start":{"line":41,"column":18},"end":{"line":41,"column":53}},"43":{"start":{"line":42,"column":15},"end":{"line":42,"column":46}},"44":{"start":{"line":43,"column":20},"end":{"line":43,"column":57}},"45":{"start":{"line":44,"column":20},"end":{"line":44,"column":42}},"46":{"start":{"line":45,"column":21},"end":{"line":45,"column":51}},"47":{"start":{"line":46,"column":0},"end":{"line":46,"column":16}},"48":{"start":{"line":47,"column":25},"end":{"line":128,"column":2}},"49":{"start":{"line":47,"column":39},"end":{"line":128,"column":2}},"50":{"start":{"line":49,"column":4},"end":{"line":127,"column":5}},"51":{"start":{"line":50,"column":25},"end":{"line":50,"column":142}},"52":{"start":{"line":51,"column":24},"end":{"line":51,"column":141}},"53":{"start":{"line":52,"column":29},"end":{"line":52,"column":150}},"54":{"start":{"line":53,"column":25},"end":{"line":53,"column":142}},"55":{"start":{"line":54,"column":8},"end":{"line":122,"column":9}},"56":{"start":{"line":55,"column":28},"end":{"line":55,"column":62}},"57":{"start":{"line":56,"column":25},"end":{"line":56,"column":48}},"58":{"start":{"line":57,"column":12},"end":{"line":57,"column":37}},"59":{"start":{"line":72,"column":12},"end":{"line":72,"column":34}},"60":{"start":{"line":73,"column":34},"end":{"line":87,"column":13}},"61":{"start":{"line":77,"column":24},"end":{"line":83,"column":26}},"62":{"start":{"line":88,"column":28},"end":{"line":88,"column":68}},"63":{"start":{"line":89,"column":27},"end":{"line":89,"column":70}},"64":{"start":{"line":90,"column":12},"end":{"line":92,"column":16}},"65":{"start":{"line":91,"column":16},"end":{"line":91,"column":40}},"66":{"start":{"line":93,"column":12},"end":{"line":93,"column":25}},"67":{"start":{"line":94,"column":25},"end":{"line":94,"column":50}},"68":{"start":{"line":95,"column":12},"end":{"line":95,"column":95}},"69":{"start":{"line":96,"column":12},"end":{"line":96,"column":47}},"70":{"start":{"line":97,"column":12},"end":{"line":97,"column":79}},"71":{"start":{"line":98,"column":12},"end":{"line":98,"column":102}},"72":{"start":{"line":99,"column":12},"end":{"line":118,"column":13}},"73":{"start":{"line":100,"column":29},"end":{"line":108,"column":17}},"74":{"start":{"line":109,"column":16},"end":{"line":114,"column":19}},"75":{"start":{"line":110,"column":36},"end":{"line":110,"column":50}},"76":{"start":{"line":112,"column":37},"end":{"line":112,"column":45}},"77":{"start":{"line":113,"column":20},"end":{"line":113,"column":41}},"78":{"start":{"line":117,"column":16},"end":{"line":117,"column":55}},"79":{"start":{"line":121,"column":12},"end":{"line":121,"column":70}},"80":{"start":{"line":125,"column":8},"end":{"line":125,"column":34}},"81":{"start":{"line":126,"column":8},"end":{"line":126,"column":22}},"82":{"start":{"line":129,"column":0},"end":{"line":129,"column":44}},"83":{"start":{"line":130,"column":24},"end":{"line":132,"column":2}},"84":{"start":{"line":130,"column":38},"end":{"line":132,"column":2}},"85":{"start":{"line":131,"column":4},"end":{"line":131,"column":44}},"86":{"start":{"line":133,"column":0},"end":{"line":133,"column":42}}},"fnMap":{"0":{"name":"(anonymous_0)","decl":{"start":{"line":2,"column":74},"end":{"line":2,"column":75}},"loc":{"start":{"line":2,"column":96},"end":{"line":9,"column":1}},"line":2},"1":{"name":"(anonymous_1)","decl":{"start":{"line":6,"column":38},"end":{"line":6,"column":39}},"loc":{"start":{"line":6,"column":49},"end":{"line":6,"column":65}},"line":6},"2":{"name":"(anonymous_2)","decl":{"start":{"line":9,"column":6},"end":{"line":9,"column":7}},"loc":{"start":{"line":9,"column":28},"end":{"line":12,"column":1}},"line":9},"3":{"name":"(anonymous_3)","decl":{"start":{"line":13,"column":80},"end":{"line":13,"column":81}},"loc":{"start":{"line":13,"column":95},"end":{"line":15,"column":1}},"line":13},"4":{"name":"(anonymous_4)","decl":{"start":{"line":15,"column":5},"end":{"line":15,"column":6}},"loc":{"start":{"line":15,"column":20},"end":{"line":17,"column":1}},"line":15},"5":{"name":"(anonymous_5)","decl":{"start":{"line":18,"column":50},"end":{"line":18,"column":51}},"loc":{"start":{"line":18,"column":65},"end":{"line":24,"column":1}},"line":18},"6":{"name":"(anonymous_6)","decl":{"start":{"line":25,"column":44},"end":{"line":25,"column":45}},"loc":{"start":{"line":25,"column":89},"end":{"line":33,"column":1}},"line":25},"7":{"name":"adopt","decl":{"start":{"line":26,"column":13},"end":{"line":26,"column":18}},"loc":{"start":{"line":26,"column":26},"end":{"line":26,"column":112}},"line":26},"8":{"name":"(anonymous_8)","decl":{"start":{"line":26,"column":70},"end":{"line":26,"column":71}},"loc":{"start":{"line":26,"column":89},"end":{"line":26,"column":108}},"line":26},"9":{"name":"(anonymous_9)","decl":{"start":{"line":27,"column":36},"end":{"line":27,"column":37}},"loc":{"start":{"line":27,"column":63},"end":{"line":32,"column":5}},"line":27},"10":{"name":"fulfilled","decl":{"start":{"line":28,"column":17},"end":{"line":28,"column":26}},"loc":{"start":{"line":28,"column":34},"end":{"line":28,"column":99}},"line":28},"11":{"name":"rejected","decl":{"start":{"line":29,"column":17},"end":{"line":29,"column":25}},"loc":{"start":{"line":29,"column":33},"end":{"line":29,"column":102}},"line":29},"12":{"name":"step","decl":{"start":{"line":30,"column":17},"end":{"line":30,"column":21}},"loc":{"start":{"line":30,"column":30},"end":{"line":30,"column":118}},"line":30},"13":{"name":"(anonymous_13)","decl":{"start":{"line":34,"column":56},"end":{"line":34,"column":57}},"loc":{"start":{"line":34,"column":71},"end":{"line":36,"column":1}},"line":34},"14":{"name":"(anonymous_14)","decl":{"start":{"line":47,"column":25},"end":{"line":47,"column":26}},"loc":{"start":{"line":47,"column":39},"end":{"line":128,"column":2}},"line":47},"15":{"name":"(anonymous_15)","decl":{"start":{"line":47,"column":73},"end":{"line":47,"column":74}},"loc":{"start":{"line":47,"column":86},"end":{"line":128,"column":1}},"line":47},"16":{"name":"(anonymous_16)","decl":{"start":{"line":76,"column":29},"end":{"line":76,"column":30}},"loc":{"start":{"line":76,"column":48},"end":{"line":84,"column":21}},"line":76},"17":{"name":"(anonymous_17)","decl":{"start":{"line":90,"column":89},"end":{"line":90,"column":90}},"loc":{"start":{"line":90,"column":98},"end":{"line":92,"column":13}},"line":90},"18":{"name":"(anonymous_18)","decl":{"start":{"line":110,"column":26},"end":{"line":110,"column":27}},"loc":{"start":{"line":110,"column":36},"end":{"line":110,"column":50}},"line":110},"19":{"name":"(anonymous_19)","decl":{"start":{"line":111,"column":27},"end":{"line":111,"column":28}},"loc":{"start":{"line":111,"column":45},"end":{"line":114,"column":17}},"line":111},"20":{"name":"(anonymous_20)","decl":{"start":{"line":130,"column":24},"end":{"line":130,"column":25}},"loc":{"start":{"line":130,"column":38},"end":{"line":132,"column":2}},"line":130},"21":{"name":"(anonymous_21)","decl":{"start":{"line":130,"column":72},"end":{"line":130,"column":73}},"loc":{"start":{"line":130,"column":85},"end":{"line":132,"column":1}},"line":130}},"branchMap":{"0":{"loc":{"start":{"line":2,"column":22},"end":{"line":12,"column":3}},"type":"binary-expr","locations":[{"start":{"line":2,"column":23},"end":{"line":2,"column":27}},{"start":{"line":2,"column":31},"end":{"line":2,"column":51}},{"start":{"line":2,"column":57},"end":{"line":12,"column":2}}],"line":2},"1":{"loc":{"start":{"line":2,"column":57},"end":{"line":12,"column":2}},"type":"cond-expr","locations":[{"start":{"line":2,"column":74},"end":{"line":9,"column":1}},{"start":{"line":9,"column":6},"end":{"line":12,"column":1}}],"line":2},"2":{"loc":{"start":{"line":3,"column":4},"end":{"line":3,"column":33}},"type":"if","locations":[{"start":{"line":3,"column":4},"end":{"line":3,"column":33}},{"start":{},"end":{}}],"line":3},"3":{"loc":{"start":{"line":5,"column":4},"end":{"line":7,"column":5}},"type":"if","locations":[{"start":{"line":5,"column":4},"end":{"line":7,"column":5}},{"start":{},"end":{}}],"line":5},"4":{"loc":{"start":{"line":5,"column":8},"end":{"line":5,"column":85}},"type":"binary-expr","locations":[{"start":{"line":5,"column":8},"end":{"line":5,"column":13}},{"start":{"line":5,"column":18},"end":{"line":5,"column":84}}],"line":5},"5":{"loc":{"start":{"line":5,"column":18},"end":{"line":5,"column":84}},"type":"cond-expr","locations":[{"start":{"line":5,"column":34},"end":{"line":5,"column":47}},{"start":{"line":5,"column":50},"end":{"line":5,"column":84}}],"line":5},"6":{"loc":{"start":{"line":5,"column":50},"end":{"line":5,"column":84}},"type":"binary-expr","locations":[{"start":{"line":5,"column":50},"end":{"line":5,"column":63}},{"start":{"line":5,"column":67},"end":{"line":5,"column":84}}],"line":5},"7":{"loc":{"start":{"line":10,"column":4},"end":{"line":10,"column":33}},"type":"if","locations":[{"start":{"line":10,"column":4},"end":{"line":10,"column":33}},{"start":{},"end":{}}],"line":10},"8":{"loc":{"start":{"line":13,"column":25},"end":{"line":17,"column":2}},"type":"binary-expr","locations":[{"start":{"line":13,"column":26},"end":{"line":13,"column":30}},{"start":{"line":13,"column":34},"end":{"line":13,"column":57}},{"start":{"line":13,"column":63},"end":{"line":17,"column":1}}],"line":13},"9":{"loc":{"start":{"line":13,"column":63},"end":{"line":17,"column":1}},"type":"cond-expr","locations":[{"start":{"line":13,"column":80},"end":{"line":15,"column":1}},{"start":{"line":15,"column":5},"end":{"line":17,"column":1}}],"line":13},"10":{"loc":{"start":{"line":18,"column":19},"end":{"line":24,"column":1}},"type":"binary-expr","locations":[{"start":{"line":18,"column":20},"end":{"line":18,"column":24}},{"start":{"line":18,"column":28},"end":{"line":18,"column":45}},{"start":{"line":18,"column":50},"end":{"line":24,"column":1}}],"line":18},"11":{"loc":{"start":{"line":19,"column":4},"end":{"line":19,"column":42}},"type":"if","locations":[{"start":{"line":19,"column":4},"end":{"line":19,"column":42}},{"start":{},"end":{}}],"line":19},"12":{"loc":{"start":{"line":19,"column":8},"end":{"line":19,"column":29}},"type":"binary-expr","locations":[{"start":{"line":19,"column":8},"end":{"line":19,"column":11}},{"start":{"line":19,"column":15},"end":{"line":19,"column":29}}],"line":19},"13":{"loc":{"start":{"line":21,"column":4},"end":{"line":21,"column":141}},"type":"if","locations":[{"start":{"line":21,"column":4},"end":{"line":21,"column":141}},{"start":{},"end":{}}],"line":21},"14":{"loc":{"start":{"line":21,"column":40},"end":{"line":21,"column":141}},"type":"if","locations":[{"start":{"line":21,"column":40},"end":{"line":21,"column":141}},{"start":{},"end":{}}],"line":21},"15":{"loc":{"start":{"line":21,"column":44},"end":{"line":21,"column":107}},"type":"binary-expr","locations":[{"start":{"line":21,"column":44},"end":{"line":21,"column":59}},{"start":{"line":21,"column":63},"end":{"line":21,"column":107}}],"line":21},"16":{"loc":{"start":{"line":25,"column":16},"end":{"line":33,"column":1}},"type":"binary-expr","locations":[{"start":{"line":25,"column":17},"end":{"line":25,"column":21}},{"start":{"line":25,"column":25},"end":{"line":25,"column":39}},{"start":{"line":25,"column":44},"end":{"line":33,"column":1}}],"line":25},"17":{"loc":{"start":{"line":26,"column":35},"end":{"line":26,"column":109}},"type":"cond-expr","locations":[{"start":{"line":26,"column":56},"end":{"line":26,"column":61}},{"start":{"line":26,"column":64},"end":{"line":26,"column":109}}],"line":26},"18":{"loc":{"start":{"line":27,"column":16},"end":{"line":27,"column":34}},"type":"binary-expr","locations":[{"start":{"line":27,"column":16},"end":{"line":27,"column":17}},{"start":{"line":27,"column":22},"end":{"line":27,"column":33}}],"line":27},"19":{"loc":{"start":{"line":30,"column":32},"end":{"line":30,"column":115}},"type":"cond-expr","locations":[{"start":{"line":30,"column":46},"end":{"line":30,"column":67}},{"start":{"line":30,"column":70},"end":{"line":30,"column":115}}],"line":30},"20":{"loc":{"start":{"line":31,"column":51},"end":{"line":31,"column":67}},"type":"binary-expr","locations":[{"start":{"line":31,"column":51},"end":{"line":31,"column":61}},{"start":{"line":31,"column":65},"end":{"line":31,"column":67}}],"line":31},"21":{"loc":{"start":{"line":34,"column":22},"end":{"line":36,"column":1}},"type":"binary-expr","locations":[{"start":{"line":34,"column":23},"end":{"line":34,"column":27}},{"start":{"line":34,"column":31},"end":{"line":34,"column":51}},{"start":{"line":34,"column":56},"end":{"line":36,"column":1}}],"line":34},"22":{"loc":{"start":{"line":35,"column":11},"end":{"line":35,"column":61}},"type":"cond-expr","locations":[{"start":{"line":35,"column":37},"end":{"line":35,"column":40}},{"start":{"line":35,"column":43},"end":{"line":35,"column":61}}],"line":35},"23":{"loc":{"start":{"line":35,"column":12},"end":{"line":35,"column":33}},"type":"binary-expr","locations":[{"start":{"line":35,"column":12},"end":{"line":35,"column":15}},{"start":{"line":35,"column":19},"end":{"line":35,"column":33}}],"line":35},"24":{"loc":{"start":{"line":50,"column":25},"end":{"line":50,"column":142}},"type":"cond-expr","locations":[{"start":{"line":50,"column":122},"end":{"line":50,"column":128}},{"start":{"line":50,"column":131},"end":{"line":50,"column":142}}],"line":50},"25":{"loc":{"start":{"line":50,"column":25},"end":{"line":50,"column":119}},"type":"binary-expr","locations":[{"start":{"line":50,"column":25},"end":{"line":50,"column":102}},{"start":{"line":50,"column":106},"end":{"line":50,"column":119}}],"line":50},"26":{"loc":{"start":{"line":50,"column":31},"end":{"line":50,"column":92}},"type":"cond-expr","locations":[{"start":{"line":50,"column":72},"end":{"line":50,"column":78}},{"start":{"line":50,"column":81},"end":{"line":50,"column":92}}],"line":50},"27":{"loc":{"start":{"line":50,"column":31},"end":{"line":50,"column":69}},"type":"binary-expr","locations":[{"start":{"line":50,"column":31},"end":{"line":50,"column":47}},{"start":{"line":50,"column":51},"end":{"line":50,"column":69}}],"line":50},"28":{"loc":{"start":{"line":51,"column":24},"end":{"line":51,"column":141}},"type":"cond-expr","locations":[{"start":{"line":51,"column":121},"end":{"line":51,"column":127}},{"start":{"line":51,"column":130},"end":{"line":51,"column":141}}],"line":51},"29":{"loc":{"start":{"line":51,"column":24},"end":{"line":51,"column":118}},"type":"binary-expr","locations":[{"start":{"line":51,"column":24},"end":{"line":51,"column":101}},{"start":{"line":51,"column":105},"end":{"line":51,"column":118}}],"line":51},"30":{"loc":{"start":{"line":51,"column":30},"end":{"line":51,"column":91}},"type":"cond-expr","locations":[{"start":{"line":51,"column":71},"end":{"line":51,"column":77}},{"start":{"line":51,"column":80},"end":{"line":51,"column":91}}],"line":51},"31":{"loc":{"start":{"line":51,"column":30},"end":{"line":51,"column":68}},"type":"binary-expr","locations":[{"start":{"line":51,"column":30},"end":{"line":51,"column":46}},{"start":{"line":51,"column":50},"end":{"line":51,"column":68}}],"line":51},"32":{"loc":{"start":{"line":52,"column":29},"end":{"line":52,"column":150}},"type":"cond-expr","locations":[{"start":{"line":52,"column":126},"end":{"line":52,"column":132}},{"start":{"line":52,"column":135},"end":{"line":52,"column":150}}],"line":52},"33":{"loc":{"start":{"line":52,"column":29},"end":{"line":52,"column":123}},"type":"binary-expr","locations":[{"start":{"line":52,"column":29},"end":{"line":52,"column":106}},{"start":{"line":52,"column":110},"end":{"line":52,"column":123}}],"line":52},"34":{"loc":{"start":{"line":52,"column":35},"end":{"line":52,"column":96}},"type":"cond-expr","locations":[{"start":{"line":52,"column":76},"end":{"line":52,"column":82}},{"start":{"line":52,"column":85},"end":{"line":52,"column":96}}],"line":52},"35":{"loc":{"start":{"line":52,"column":35},"end":{"line":52,"column":73}},"type":"binary-expr","locations":[{"start":{"line":52,"column":35},"end":{"line":52,"column":51}},{"start":{"line":52,"column":55},"end":{"line":52,"column":73}}],"line":52},"36":{"loc":{"start":{"line":53,"column":25},"end":{"line":53,"column":142}},"type":"cond-expr","locations":[{"start":{"line":53,"column":122},"end":{"line":53,"column":128}},{"start":{"line":53,"column":131},"end":{"line":53,"column":142}}],"line":53},"37":{"loc":{"start":{"line":53,"column":25},"end":{"line":53,"column":119}},"type":"binary-expr","locations":[{"start":{"line":53,"column":25},"end":{"line":53,"column":102}},{"start":{"line":53,"column":106},"end":{"line":53,"column":119}}],"line":53},"38":{"loc":{"start":{"line":53,"column":31},"end":{"line":53,"column":92}},"type":"cond-expr","locations":[{"start":{"line":53,"column":72},"end":{"line":53,"column":78}},{"start":{"line":53,"column":81},"end":{"line":53,"column":92}}],"line":53},"39":{"loc":{"start":{"line":53,"column":31},"end":{"line":53,"column":69}},"type":"binary-expr","locations":[{"start":{"line":53,"column":31},"end":{"line":53,"column":47}},{"start":{"line":53,"column":51},"end":{"line":53,"column":69}}],"line":53},"40":{"loc":{"start":{"line":54,"column":8},"end":{"line":122,"column":9}},"type":"if","locations":[{"start":{"line":54,"column":8},"end":{"line":122,"column":9}},{"start":{"line":120,"column":13},"end":{"line":122,"column":9}}],"line":54},"41":{"loc":{"start":{"line":54,"column":12},"end":{"line":54,"column":59}},"type":"binary-expr","locations":[{"start":{"line":54,"column":12},"end":{"line":54,"column":20}},{"start":{"line":54,"column":24},"end":{"line":54,"column":31}},{"start":{"line":54,"column":35},"end":{"line":54,"column":47}},{"start":{"line":54,"column":51},"end":{"line":54,"column":59}}],"line":54},"42":{"loc":{"start":{"line":99,"column":12},"end":{"line":118,"column":13}},"type":"if","locations":[{"start":{"line":99,"column":12},"end":{"line":118,"column":13}},{"start":{"line":116,"column":17},"end":{"line":118,"column":13}}],"line":99}},"s":{"0":1,"1":2,"2":2,"3":2,"4":2,"5":2,"6":1,"7":2,"8":0,"9":0,"10":0,"11":1,"12":1,"13":0,"14":1,"15":1,"16":0,"17":1,"18":1,"19":1,"20":2,"21":2,"22":1,"23":1,"24":1,"25":5,"26":0,"27":2,"28":5,"29":5,"30":0,"31":0,"32":0,"33":0,"34":7,"35":2,"36":1,"37":4,"38":1,"39":1,"40":1,"41":1,"42":1,"43":1,"44":1,"45":1,"46":1,"47":1,"48":1,"49":1,"50":1,"51":1,"52":1,"53":1,"54":1,"55":1,"56":1,"57":1,"58":1,"59":1,"60":1,"61":51,"62":1,"63":1,"64":1,"65":0,"66":1,"67":1,"68":1,"69":1,"70":1,"71":1,"72":1,"73":1,"74":1,"75":1,"76":0,"77":0,"78":0,"79":0,"80":0,"81":0,"82":1,"83":1,"84":1,"85":1,"86":1},"f":{"0":2,"1":1,"2":0,"3":1,"4":0,"5":1,"6":2,"7":5,"8":0,"9":2,"10":5,"11":0,"12":7,"13":4,"14":1,"15":1,"16":51,"17":0,"18":1,"19":0,"20":1,"21":1},"b":{"0":[1,1,1],"1":[1,0],"2":[2,0],"3":[2,0],"4":[2,2],"5":[0,2],"6":[2,0],"7":[0,0],"8":[1,1,1],"9":[1,0],"10":[1,1,1],"11":[0,1],"12":[1,1],"13":[1,0],"14":[2,0],"15":[2,2],"16":[1,1,1],"17":[5,0],"18":[2,2],"19":[2,5],"20":[2,2],"21":[1,1,1],"22":[1,3],"23":[4,4],"24":[0,1],"25":[1,1],"26":[0,1],"27":[1,1],"28":[0,1],"29":[1,1],"30":[0,1],"31":[1,1],"32":[0,1],"33":[1,1],"34":[0,1],"35":[1,1],"36":[0,1],"37":[1,1],"38":[0,1],"39":[1,1],"40":[1,0],"41":[1,1,1,1],"42":[1,0]},"inputSourceMap":null,"_coverageSchema":"1a1c01bbd47fc00a2c39e90264f33305004495a9","hash":"678ba5ebabd3ad1b43b713b2f7ada040c1ddaa0d"}
,"/Users/selvaprasath.selvamani/Documents/projects/screen-scrapping-ts/routes/index.js": {"path":"/Users/selvaprasath.selvamani/Documents/projects/screen-scrapping-ts/routes/index.js","statementMap":{"0":{"start":{"line":2,"column":22},"end":{"line":4,"column":1}},"1":{"start":{"line":3,"column":4},"end":{"line":3,"column":62}},"2":{"start":{"line":5,"column":0},"end":{"line":5,"column":62}},"3":{"start":{"line":6,"column":25},"end":{"line":6,"column":69}},"4":{"start":{"line":7,"column":0},"end":{"line":7,"column":43}}},"fnMap":{"0":{"name":"(anonymous_0)","decl":{"start":{"line":2,"column":56},"end":{"line":2,"column":57}},"loc":{"start":{"line":2,"column":71},"end":{"line":4,"column":1}},"line":2}},"branchMap":{"0":{"loc":{"start":{"line":2,"column":22},"end":{"line":4,"column":1}},"type":"binary-expr","locations":[{"start":{"line":2,"column":23},"end":{"line":2,"column":27}},{"start":{"line":2,"column":31},"end":{"line":2,"column":51}},{"start":{"line":2,"column":56},"end":{"line":4,"column":1}}],"line":2},"1":{"loc":{"start":{"line":3,"column":11},"end":{"line":3,"column":61}},"type":"cond-expr","locations":[{"start":{"line":3,"column":37},"end":{"line":3,"column":40}},{"start":{"line":3,"column":43},"end":{"line":3,"column":61}}],"line":3},"2":{"loc":{"start":{"line":3,"column":12},"end":{"line":3,"column":33}},"type":"binary-expr","locations":[{"start":{"line":3,"column":12},"end":{"line":3,"column":15}},{"start":{"line":3,"column":19},"end":{"line":3,"column":33}}],"line":3}},"s":{"0":1,"1":1,"2":1,"3":1,"4":1},"f":{"0":1},"b":{"0":[1,1,1],"1":[1,0],"2":[1,1]},"inputSourceMap":null,"_coverageSchema":"1a1c01bbd47fc00a2c39e90264f33305004495a9","hash":"29f24c56edcbb2da4907ab4d64ce8b97bb2d44f8"}
,"/Users/selvaprasath.selvamani/Documents/projects/screen-scrapping-ts/routes/scraping.route.js": {"path":"/Users/selvaprasath.selvamani/Documents/projects/screen-scrapping-ts/routes/scraping.route.js","statementMap":{"0":{"start":{"line":2,"column":22},"end":{"line":4,"column":1}},"1":{"start":{"line":3,"column":4},"end":{"line":3,"column":62}},"2":{"start":{"line":5,"column":0},"end":{"line":5,"column":62}},"3":{"start":{"line":6,"column":18},"end":{"line":6,"column":53}},"4":{"start":{"line":7,"column":16},"end":{"line":7,"column":61}},"5":{"start":{"line":8,"column":15},"end":{"line":8,"column":41}},"6":{"start":{"line":9,"column":0},"end":{"line":9,"column":58}},"7":{"start":{"line":10,"column":0},"end":{"line":10,"column":56}},"8":{"start":{"line":11,"column":0},"end":{"line":11,"column":25}}},"fnMap":{"0":{"name":"(anonymous_0)","decl":{"start":{"line":2,"column":56},"end":{"line":2,"column":57}},"loc":{"start":{"line":2,"column":71},"end":{"line":4,"column":1}},"line":2}},"branchMap":{"0":{"loc":{"start":{"line":2,"column":22},"end":{"line":4,"column":1}},"type":"binary-expr","locations":[{"start":{"line":2,"column":23},"end":{"line":2,"column":27}},{"start":{"line":2,"column":31},"end":{"line":2,"column":51}},{"start":{"line":2,"column":56},"end":{"line":4,"column":1}}],"line":2},"1":{"loc":{"start":{"line":3,"column":11},"end":{"line":3,"column":61}},"type":"cond-expr","locations":[{"start":{"line":3,"column":37},"end":{"line":3,"column":40}},{"start":{"line":3,"column":43},"end":{"line":3,"column":61}}],"line":3},"2":{"loc":{"start":{"line":3,"column":12},"end":{"line":3,"column":33}},"type":"binary-expr","locations":[{"start":{"line":3,"column":12},"end":{"line":3,"column":15}},{"start":{"line":3,"column":19},"end":{"line":3,"column":33}}],"line":3}},"s":{"0":1,"1":2,"2":1,"3":1,"4":1,"5":1,"6":1,"7":1,"8":1},"f":{"0":2},"b":{"0":[1,1,1],"1":[1,1],"2":[2,2]},"inputSourceMap":null,"_coverageSchema":"1a1c01bbd47fc00a2c39e90264f33305004495a9","hash":"7ce3702805f5a0e019b138e06c2bf2a0ca7296c4"}
,"/Users/selvaprasath.selvamani/Documents/projects/screen-scrapping-ts/utils/request.js": {"path":"/Users/selvaprasath.selvamani/Documents/projects/screen-scrapping-ts/utils/request.js","statementMap":{"0":{"start":{"line":2,"column":16},"end":{"line":10,"column":1}},"1":{"start":{"line":3,"column":28},"end":{"line":3,"column":110}},"2":{"start":{"line":3,"column":91},"end":{"line":3,"column":106}},"3":{"start":{"line":4,"column":4},"end":{"line":9,"column":7}},"4":{"start":{"line":5,"column":36},"end":{"line":5,"column":97}},"5":{"start":{"line":5,"column":42},"end":{"line":5,"column":70}},"6":{"start":{"line":5,"column":85},"end":{"line":5,"column":95}},"7":{"start":{"line":6,"column":35},"end":{"line":6,"column":100}},"8":{"start":{"line":6,"column":41},"end":{"line":6,"column":73}},"9":{"start":{"line":6,"column":88},"end":{"line":6,"column":98}},"10":{"start":{"line":7,"column":32},"end":{"line":7,"column":116}},"11":{"start":{"line":8,"column":8},"end":{"line":8,"column":78}},"12":{"start":{"line":11,"column":22},"end":{"line":13,"column":1}},"13":{"start":{"line":12,"column":4},"end":{"line":12,"column":62}},"14":{"start":{"line":14,"column":0},"end":{"line":14,"column":62}},"15":{"start":{"line":15,"column":0},"end":{"line":15,"column":25}},"16":{"start":{"line":16,"column":16},"end":{"line":16,"column":49}},"17":{"start":{"line":17,"column":16},"end":{"line":47,"column":2}},"18":{"start":{"line":17,"column":28},"end":{"line":47,"column":2}},"19":{"start":{"line":19,"column":4},"end":{"line":46,"column":5}},"20":{"start":{"line":20,"column":25},"end":{"line":20,"column":62}},"21":{"start":{"line":21,"column":8},"end":{"line":28,"column":9}},"22":{"start":{"line":22,"column":25},"end":{"line":22,"column":90}},"23":{"start":{"line":23,"column":12},"end":{"line":23,"column":24}},"24":{"start":{"line":26,"column":25},"end":{"line":26,"column":90}},"25":{"start":{"line":27,"column":12},"end":{"line":27,"column":40}},"26":{"start":{"line":31,"column":8},"end":{"line":45,"column":9}},"27":{"start":{"line":32,"column":12},"end":{"line":38,"column":13}},"28":{"start":{"line":33,"column":29},"end":{"line":33,"column":95}},"29":{"start":{"line":34,"column":16},"end":{"line":34,"column":44}},"30":{"start":{"line":37,"column":16},"end":{"line":37,"column":64}},"31":{"start":{"line":41,"column":12},"end":{"line":44,"column":15}},"32":{"start":{"line":48,"column":0},"end":{"line":48,"column":26}}},"fnMap":{"0":{"name":"(anonymous_0)","decl":{"start":{"line":2,"column":44},"end":{"line":2,"column":45}},"loc":{"start":{"line":2,"column":89},"end":{"line":10,"column":1}},"line":2},"1":{"name":"adopt","decl":{"start":{"line":3,"column":13},"end":{"line":3,"column":18}},"loc":{"start":{"line":3,"column":26},"end":{"line":3,"column":112}},"line":3},"2":{"name":"(anonymous_2)","decl":{"start":{"line":3,"column":70},"end":{"line":3,"column":71}},"loc":{"start":{"line":3,"column":89},"end":{"line":3,"column":108}},"line":3},"3":{"name":"(anonymous_3)","decl":{"start":{"line":4,"column":36},"end":{"line":4,"column":37}},"loc":{"start":{"line":4,"column":63},"end":{"line":9,"column":5}},"line":4},"4":{"name":"fulfilled","decl":{"start":{"line":5,"column":17},"end":{"line":5,"column":26}},"loc":{"start":{"line":5,"column":34},"end":{"line":5,"column":99}},"line":5},"5":{"name":"rejected","decl":{"start":{"line":6,"column":17},"end":{"line":6,"column":25}},"loc":{"start":{"line":6,"column":33},"end":{"line":6,"column":102}},"line":6},"6":{"name":"step","decl":{"start":{"line":7,"column":17},"end":{"line":7,"column":21}},"loc":{"start":{"line":7,"column":30},"end":{"line":7,"column":118}},"line":7},"7":{"name":"(anonymous_7)","decl":{"start":{"line":11,"column":56},"end":{"line":11,"column":57}},"loc":{"start":{"line":11,"column":71},"end":{"line":13,"column":1}},"line":11},"8":{"name":"(anonymous_8)","decl":{"start":{"line":17,"column":16},"end":{"line":17,"column":17}},"loc":{"start":{"line":17,"column":28},"end":{"line":47,"column":2}},"line":17},"9":{"name":"(anonymous_9)","decl":{"start":{"line":17,"column":62},"end":{"line":17,"column":63}},"loc":{"start":{"line":17,"column":75},"end":{"line":47,"column":1}},"line":17}},"branchMap":{"0":{"loc":{"start":{"line":2,"column":16},"end":{"line":10,"column":1}},"type":"binary-expr","locations":[{"start":{"line":2,"column":17},"end":{"line":2,"column":21}},{"start":{"line":2,"column":25},"end":{"line":2,"column":39}},{"start":{"line":2,"column":44},"end":{"line":10,"column":1}}],"line":2},"1":{"loc":{"start":{"line":3,"column":35},"end":{"line":3,"column":109}},"type":"cond-expr","locations":[{"start":{"line":3,"column":56},"end":{"line":3,"column":61}},{"start":{"line":3,"column":64},"end":{"line":3,"column":109}}],"line":3},"2":{"loc":{"start":{"line":4,"column":16},"end":{"line":4,"column":34}},"type":"binary-expr","locations":[{"start":{"line":4,"column":16},"end":{"line":4,"column":17}},{"start":{"line":4,"column":22},"end":{"line":4,"column":33}}],"line":4},"3":{"loc":{"start":{"line":7,"column":32},"end":{"line":7,"column":115}},"type":"cond-expr","locations":[{"start":{"line":7,"column":46},"end":{"line":7,"column":67}},{"start":{"line":7,"column":70},"end":{"line":7,"column":115}}],"line":7},"4":{"loc":{"start":{"line":8,"column":51},"end":{"line":8,"column":67}},"type":"binary-expr","locations":[{"start":{"line":8,"column":51},"end":{"line":8,"column":61}},{"start":{"line":8,"column":65},"end":{"line":8,"column":67}}],"line":8},"5":{"loc":{"start":{"line":11,"column":22},"end":{"line":13,"column":1}},"type":"binary-expr","locations":[{"start":{"line":11,"column":23},"end":{"line":11,"column":27}},{"start":{"line":11,"column":31},"end":{"line":11,"column":51}},{"start":{"line":11,"column":56},"end":{"line":13,"column":1}}],"line":11},"6":{"loc":{"start":{"line":12,"column":11},"end":{"line":12,"column":61}},"type":"cond-expr","locations":[{"start":{"line":12,"column":37},"end":{"line":12,"column":40}},{"start":{"line":12,"column":43},"end":{"line":12,"column":61}}],"line":12},"7":{"loc":{"start":{"line":12,"column":12},"end":{"line":12,"column":33}},"type":"binary-expr","locations":[{"start":{"line":12,"column":12},"end":{"line":12,"column":15}},{"start":{"line":12,"column":19},"end":{"line":12,"column":33}}],"line":12},"8":{"loc":{"start":{"line":21,"column":8},"end":{"line":28,"column":9}},"type":"if","locations":[{"start":{"line":21,"column":8},"end":{"line":28,"column":9}},{"start":{"line":25,"column":13},"end":{"line":28,"column":9}}],"line":21},"9":{"loc":{"start":{"line":22,"column":25},"end":{"line":22,"column":90}},"type":"cond-expr","locations":[{"start":{"line":22,"column":68},"end":{"line":22,"column":74}},{"start":{"line":22,"column":77},"end":{"line":22,"column":90}}],"line":22},"10":{"loc":{"start":{"line":22,"column":25},"end":{"line":22,"column":65}},"type":"binary-expr","locations":[{"start":{"line":22,"column":25},"end":{"line":22,"column":42}},{"start":{"line":22,"column":46},"end":{"line":22,"column":65}}],"line":22},"11":{"loc":{"start":{"line":26,"column":25},"end":{"line":26,"column":90}},"type":"cond-expr","locations":[{"start":{"line":26,"column":68},"end":{"line":26,"column":74}},{"start":{"line":26,"column":77},"end":{"line":26,"column":90}}],"line":26},"12":{"loc":{"start":{"line":26,"column":25},"end":{"line":26,"column":65}},"type":"binary-expr","locations":[{"start":{"line":26,"column":25},"end":{"line":26,"column":42}},{"start":{"line":26,"column":46},"end":{"line":26,"column":65}}],"line":26},"13":{"loc":{"start":{"line":31,"column":8},"end":{"line":45,"column":9}},"type":"if","locations":[{"start":{"line":31,"column":8},"end":{"line":45,"column":9}},{"start":{"line":40,"column":13},"end":{"line":45,"column":9}}],"line":31},"14":{"loc":{"start":{"line":32,"column":12},"end":{"line":38,"column":13}},"type":"if","locations":[{"start":{"line":32,"column":12},"end":{"line":38,"column":13}},{"start":{"line":36,"column":17},"end":{"line":38,"column":13}}],"line":32},"15":{"loc":{"start":{"line":32,"column":16},"end":{"line":32,"column":82}},"type":"cond-expr","locations":[{"start":{"line":32,"column":66},"end":{"line":32,"column":72}},{"start":{"line":32,"column":75},"end":{"line":32,"column":82}}],"line":32},"16":{"loc":{"start":{"line":32,"column":16},"end":{"line":32,"column":63}},"type":"binary-expr","locations":[{"start":{"line":32,"column":16},"end":{"line":32,"column":46}},{"start":{"line":32,"column":50},"end":{"line":32,"column":63}}],"line":32},"17":{"loc":{"start":{"line":33,"column":29},"end":{"line":33,"column":95}},"type":"cond-expr","locations":[{"start":{"line":33,"column":79},"end":{"line":33,"column":85}},{"start":{"line":33,"column":88},"end":{"line":33,"column":95}}],"line":33},"18":{"loc":{"start":{"line":33,"column":29},"end":{"line":33,"column":76}},"type":"binary-expr","locations":[{"start":{"line":33,"column":29},"end":{"line":33,"column":59}},{"start":{"line":33,"column":63},"end":{"line":33,"column":76}}],"line":33}},"s":{"0":1,"1":5,"2":0,"3":5,"4":2,"5":2,"6":0,"7":3,"8":3,"9":0,"10":10,"11":5,"12":1,"13":1,"14":1,"15":1,"16":1,"17":1,"18":5,"19":5,"20":5,"21":2,"22":2,"23":2,"24":0,"25":0,"26":3,"27":3,"28":2,"29":2,"30":1,"31":0,"32":1},"f":{"0":5,"1":5,"2":0,"3":5,"4":2,"5":3,"6":10,"7":1,"8":5,"9":5},"b":{"0":[1,1,1],"1":[5,0],"2":[5,5],"3":[5,5],"4":[5,5],"5":[1,1,1],"6":[0,1],"7":[1,1],"8":[2,0],"9":[0,2],"10":[2,2],"11":[0,0],"12":[0,0],"13":[3,0],"14":[2,1],"15":[1,2],"16":[3,3],"17":[0,2],"18":[2,2]},"inputSourceMap":null,"_coverageSchema":"1a1c01bbd47fc00a2c39e90264f33305004495a9","hash":"f704e9ef4b21e51deb9e502b7694037506f783e2"}
}
