TN:
SF:.puppeteerrc.cjs
FNF:0
FNH:0
DA:1,1
DA:6,1
LF:2
LH:2
BRF:0
BRH:0
end_of_record
TN:
SF:index.js
FN:2,(anonymous_0)
FN:6,(anonymous_1)
FN:9,(anonymous_2)
FN:13,(anonymous_3)
FN:15,(anonymous_4)
FN:18,(anonymous_5)
FN:25,(anonymous_6)
FN:36,(anonymous_7)
FNF:8
FNH:6
FNDA:2,(anonymous_0)
FNDA:1,(anonymous_1)
FNDA:0,(anonymous_2)
FNDA:1,(anonymous_3)
FNDA:0,(anonymous_4)
FNDA:1,(anonymous_5)
FNDA:2,(anonymous_6)
FNDA:1,(anonymous_7)
DA:2,1
DA:3,2
DA:4,2
DA:5,2
DA:6,2
DA:8,2
DA:10,0
DA:11,0
DA:13,1
DA:14,1
DA:16,0
DA:18,1
DA:19,1
DA:20,1
DA:21,2
DA:22,1
DA:23,1
DA:25,1
DA:26,2
DA:28,1
DA:29,1
DA:30,1
DA:31,1
DA:32,1
DA:33,1
DA:34,1
DA:35,1
DA:36,1
DA:37,1
DA:39,1
LF:30
LH:27
BRDA:2,0,0,1
BRDA:2,0,1,1
BRDA:2,0,2,1
BRDA:2,1,0,1
BRDA:2,1,1,0
BRDA:3,2,0,2
BRDA:3,2,1,0
BRDA:5,3,0,2
BRDA:5,3,1,0
BRDA:5,4,0,2
BRDA:5,4,1,2
BRDA:5,5,0,0
BRDA:5,5,1,2
BRDA:5,6,0,2
BRDA:5,6,1,0
BRDA:10,7,0,0
BRDA:10,7,1,0
BRDA:13,8,0,1
BRDA:13,8,1,1
BRDA:13,8,2,1
BRDA:13,9,0,1
BRDA:13,9,1,0
BRDA:18,10,0,1
BRDA:18,10,1,1
BRDA:18,10,2,1
BRDA:19,11,0,0
BRDA:19,11,1,1
BRDA:19,12,0,1
BRDA:19,12,1,1
BRDA:21,13,0,1
BRDA:21,13,1,0
BRDA:21,14,0,2
BRDA:21,14,1,0
BRDA:21,15,0,2
BRDA:21,15,1,2
BRDA:25,16,0,1
BRDA:25,16,1,1
BRDA:25,16,2,1
BRDA:26,17,0,1
BRDA:26,17,1,1
BRDA:26,18,0,2
BRDA:26,18,1,2
BRF:42
BRH:31
end_of_record
TN:
SF:handlers/config.js
FNF:0
FNH:0
DA:2,1
DA:3,1
DA:4,1
LF:3
LH:3
BRF:0
BRH:0
end_of_record
TN:
SF:handlers/index.js
FNF:0
FNH:0
DA:2,1
DA:3,1
DA:4,1
DA:5,1
LF:4
LH:4
BRF:0
BRH:0
end_of_record
TN:
SF:handlers/scraping.handler.js
FN:2,(anonymous_0)
FN:6,(anonymous_1)
FN:9,(anonymous_2)
FN:13,(anonymous_3)
FN:15,(anonymous_4)
FN:18,(anonymous_5)
FN:25,(anonymous_6)
FN:26,adopt
FN:26,(anonymous_8)
FN:27,(anonymous_9)
FN:28,fulfilled
FN:29,rejected
FN:30,step
FN:34,(anonymous_13)
FN:47,(anonymous_14)
FN:47,(anonymous_15)
FN:76,(anonymous_16)
FN:90,(anonymous_17)
FN:110,(anonymous_18)
FN:111,(anonymous_19)
FN:130,(anonymous_20)
FN:130,(anonymous_21)
FNF:22
FNH:16
FNDA:2,(anonymous_0)
FNDA:1,(anonymous_1)
FNDA:0,(anonymous_2)
FNDA:1,(anonymous_3)
FNDA:0,(anonymous_4)
FNDA:1,(anonymous_5)
FNDA:2,(anonymous_6)
FNDA:5,adopt
FNDA:0,(anonymous_8)
FNDA:2,(anonymous_9)
FNDA:5,fulfilled
FNDA:0,rejected
FNDA:7,step
FNDA:4,(anonymous_13)
FNDA:1,(anonymous_14)
FNDA:1,(anonymous_15)
FNDA:51,(anonymous_16)
FNDA:0,(anonymous_17)
FNDA:1,(anonymous_18)
FNDA:0,(anonymous_19)
FNDA:1,(anonymous_20)
FNDA:1,(anonymous_21)
DA:2,1
DA:3,2
DA:4,2
DA:5,2
DA:6,2
DA:8,2
DA:10,0
DA:11,0
DA:13,1
DA:14,1
DA:16,0
DA:18,1
DA:19,1
DA:20,1
DA:21,2
DA:22,1
DA:23,1
DA:25,1
DA:26,5
DA:27,2
DA:28,5
DA:29,0
DA:30,7
DA:31,2
DA:34,1
DA:35,4
DA:37,1
DA:38,1
DA:39,1
DA:40,1
DA:41,1
DA:42,1
DA:43,1
DA:44,1
DA:45,1
DA:46,1
DA:47,1
DA:49,1
DA:50,1
DA:51,1
DA:52,1
DA:53,1
DA:54,1
DA:55,1
DA:56,1
DA:57,1
DA:72,1
DA:73,1
DA:77,51
DA:88,1
DA:89,1
DA:90,1
DA:91,0
DA:93,1
DA:94,1
DA:95,1
DA:96,1
DA:97,1
DA:98,1
DA:99,1
DA:100,1
DA:109,1
DA:110,1
DA:112,0
DA:113,0
DA:117,0
DA:121,0
DA:125,0
DA:126,0
DA:129,1
DA:130,1
DA:131,1
DA:133,1
LF:73
LH:62
BRDA:2,0,0,1
BRDA:2,0,1,1
BRDA:2,0,2,1
BRDA:2,1,0,1
BRDA:2,1,1,0
BRDA:3,2,0,2
BRDA:3,2,1,0
BRDA:5,3,0,2
BRDA:5,3,1,0
BRDA:5,4,0,2
BRDA:5,4,1,2
BRDA:5,5,0,0
BRDA:5,5,1,2
BRDA:5,6,0,2
BRDA:5,6,1,0
BRDA:10,7,0,0
BRDA:10,7,1,0
BRDA:13,8,0,1
BRDA:13,8,1,1
BRDA:13,8,2,1
BRDA:13,9,0,1
BRDA:13,9,1,0
BRDA:18,10,0,1
BRDA:18,10,1,1
BRDA:18,10,2,1
BRDA:19,11,0,0
BRDA:19,11,1,1
BRDA:19,12,0,1
BRDA:19,12,1,1
BRDA:21,13,0,1
BRDA:21,13,1,0
BRDA:21,14,0,2
BRDA:21,14,1,0
BRDA:21,15,0,2
BRDA:21,15,1,2
BRDA:25,16,0,1
BRDA:25,16,1,1
BRDA:25,16,2,1
BRDA:26,17,0,5
BRDA:26,17,1,0
BRDA:27,18,0,2
BRDA:27,18,1,2
BRDA:30,19,0,2
BRDA:30,19,1,5
BRDA:31,20,0,2
BRDA:31,20,1,2
BRDA:34,21,0,1
BRDA:34,21,1,1
BRDA:34,21,2,1
BRDA:35,22,0,1
BRDA:35,22,1,3
BRDA:35,23,0,4
BRDA:35,23,1,4
BRDA:50,24,0,0
BRDA:50,24,1,1
BRDA:50,25,0,1
BRDA:50,25,1,1
BRDA:50,26,0,0
BRDA:50,26,1,1
BRDA:50,27,0,1
BRDA:50,27,1,1
BRDA:51,28,0,0
BRDA:51,28,1,1
BRDA:51,29,0,1
BRDA:51,29,1,1
BRDA:51,30,0,0
BRDA:51,30,1,1
BRDA:51,31,0,1
BRDA:51,31,1,1
BRDA:52,32,0,0
BRDA:52,32,1,1
BRDA:52,33,0,1
BRDA:52,33,1,1
BRDA:52,34,0,0
BRDA:52,34,1,1
BRDA:52,35,0,1
BRDA:52,35,1,1
BRDA:53,36,0,0
BRDA:53,36,1,1
BRDA:53,37,0,1
BRDA:53,37,1,1
BRDA:53,38,0,0
BRDA:53,38,1,1
BRDA:53,39,0,1
BRDA:53,39,1,1
BRDA:54,40,0,1
BRDA:54,40,1,0
BRDA:54,41,0,1
BRDA:54,41,1,1
BRDA:54,41,2,1
BRDA:54,41,3,1
BRDA:99,42,0,1
BRDA:99,42,1,0
BRF:93
BRH:71
end_of_record
TN:
SF:routes/index.js
FN:2,(anonymous_0)
FNF:1
FNH:1
FNDA:1,(anonymous_0)
DA:2,1
DA:3,1
DA:5,1
DA:6,1
DA:7,1
LF:5
LH:5
BRDA:2,0,0,1
BRDA:2,0,1,1
BRDA:2,0,2,1
BRDA:3,1,0,1
BRDA:3,1,1,0
BRDA:3,2,0,1
BRDA:3,2,1,1
BRF:7
BRH:6
end_of_record
TN:
SF:routes/scraping.route.js
FN:2,(anonymous_0)
FNF:1
FNH:1
FNDA:2,(anonymous_0)
DA:2,1
DA:3,2
DA:5,1
DA:6,1
DA:7,1
DA:8,1
DA:9,1
DA:10,1
DA:11,1
LF:9
LH:9
BRDA:2,0,0,1
BRDA:2,0,1,1
BRDA:2,0,2,1
BRDA:3,1,0,1
BRDA:3,1,1,1
BRDA:3,2,0,2
BRDA:3,2,1,2
BRF:7
BRH:7
end_of_record
TN:
SF:utils/request.js
FN:2,(anonymous_0)
FN:3,adopt
FN:3,(anonymous_2)
FN:4,(anonymous_3)
FN:5,fulfilled
FN:6,rejected
FN:7,step
FN:11,(anonymous_7)
FN:17,(anonymous_8)
FN:17,(anonymous_9)
FNF:10
FNH:9
FNDA:5,(anonymous_0)
FNDA:5,adopt
FNDA:0,(anonymous_2)
FNDA:5,(anonymous_3)
FNDA:2,fulfilled
FNDA:3,rejected
FNDA:10,step
FNDA:1,(anonymous_7)
FNDA:5,(anonymous_8)
FNDA:5,(anonymous_9)
DA:2,1
DA:3,5
DA:4,5
DA:5,2
DA:6,3
DA:7,10
DA:8,5
DA:11,1
DA:12,1
DA:14,1
DA:15,1
DA:16,1
DA:17,5
DA:19,5
DA:20,5
DA:21,2
DA:22,2
DA:23,2
DA:26,0
DA:27,0
DA:31,3
DA:32,3
DA:33,2
DA:34,2
DA:37,1
DA:41,0
DA:48,1
LF:27
LH:24
BRDA:2,0,0,1
BRDA:2,0,1,1
BRDA:2,0,2,1
BRDA:3,1,0,5
BRDA:3,1,1,0
BRDA:4,2,0,5
BRDA:4,2,1,5
BRDA:7,3,0,5
BRDA:7,3,1,5
BRDA:8,4,0,5
BRDA:8,4,1,5
BRDA:11,5,0,1
BRDA:11,5,1,1
BRDA:11,5,2,1
BRDA:12,6,0,0
BRDA:12,6,1,1
BRDA:12,7,0,1
BRDA:12,7,1,1
BRDA:21,8,0,2
BRDA:21,8,1,0
BRDA:22,9,0,0
BRDA:22,9,1,2
BRDA:22,10,0,2
BRDA:22,10,1,2
BRDA:26,11,0,0
BRDA:26,11,1,0
BRDA:26,12,0,0
BRDA:26,12,1,0
BRDA:31,13,0,3
BRDA:31,13,1,0
BRDA:32,14,0,2
BRDA:32,14,1,1
BRDA:32,15,0,1
BRDA:32,15,1,2
BRDA:32,16,0,3
BRDA:32,16,1,3
BRDA:33,17,0,0
BRDA:33,17,1,2
BRDA:33,18,0,2
BRDA:33,18,1,2
BRF:40
BRH:30
end_of_record
